christopherlomeli@Christophers-MacBook-Pro Exercise_1 % terraform destroy --target aws_instance.udacity_m4
aws_instance.udacity_m4[1]: Refreshing state... [id=i-019ca83583a4bbb17]
aws_instance.udacity_m4[0]: Refreshing state... [id=i-042f5e708f2dadfdb]

Terraform used the selected providers to generate the following execution plan. Resource actions are indicated with the following symbols:
  - destroy

Terraform will perform the following actions:

  # aws_instance.udacity_m4[0] will be destroyed
  - resource "aws_instance" "udacity_m4" {
      - ami                                  = "ami-0022f774911c1d690" -> null
      - arn                                  = "arn:aws:ec2:us-east-1:346446255745:instance/i-042f5e708f2dadfdb" -> null
      - associate_public_ip_address          = true -> null
      - availability_zone                    = "us-east-1b" -> null
      - cpu_core_count                       = 1 -> null
      - cpu_threads_per_core                 = 2 -> null
      - disable_api_termination              = false -> null
      - ebs_optimized                        = false -> null
      - get_password_data                    = false -> null
      - hibernation                          = false -> null
      - id                                   = "i-042f5e708f2dadfdb" -> null
      - instance_initiated_shutdown_behavior = "stop" -> null
      - instance_state                       = "running" -> null
      - instance_type                        = "m4.large" -> null
      - ipv6_address_count                   = 0 -> null
      - ipv6_addresses                       = [] -> null
      - monitoring                           = false -> null
      - primary_network_interface_id         = "eni-001726ccb1ec0ea4d" -> null
      - private_dns                          = "ip-172-31-95-132.ec2.internal" -> null
      - private_ip                           = "172.31.95.132" -> null
      - public_dns                           = "ec2-3-92-217-24.compute-1.amazonaws.com" -> null
      - public_ip                            = "3.92.217.24" -> null
      - secondary_private_ips                = [] -> null
      - security_groups                      = [
          - "default",
        ] -> null
      - source_dest_check                    = true -> null
      - subnet_id                            = "subnet-0b7faa4157828194e" -> null
      - tags                                 = {
          - "Name" = "Udacity M4 (1)"
        } -> null
      - tags_all                             = {
          - "Name" = "Udacity M4 (1)"
        } -> null
      - tenancy                              = "default" -> null
      - user_data_replace_on_change          = false -> null
      - vpc_security_group_ids               = [
          - "sg-0187cb3b8a8a12863",
        ] -> null

      - capacity_reservation_specification {
          - capacity_reservation_preference = "open" -> null
        }

      - enclave_options {
          - enabled = false -> null
        }

      - maintenance_options {
          - auto_recovery = "default" -> null
        }

      - metadata_options {
          - http_endpoint               = "enabled" -> null
          - http_put_response_hop_limit = 1 -> null
          - http_tokens                 = "optional" -> null
          - instance_metadata_tags      = "disabled" -> null
        }

      - root_block_device {
          - delete_on_termination = true -> null
          - device_name           = "/dev/xvda" -> null
          - encrypted             = false -> null
          - iops                  = 100 -> null
          - tags                  = {} -> null
          - throughput            = 0 -> null
          - volume_id             = "vol-0d4b121777d1dc557" -> null
          - volume_size           = 8 -> null
          - volume_type           = "gp2" -> null
        }
    }

  # aws_instance.udacity_m4[1] will be destroyed
  - resource "aws_instance" "udacity_m4" {
      - ami                                  = "ami-0022f774911c1d690" -> null
      - arn                                  = "arn:aws:ec2:us-east-1:346446255745:instance/i-019ca83583a4bbb17" -> null
      - associate_public_ip_address          = true -> null
      - availability_zone                    = "us-east-1b" -> null
      - cpu_core_count                       = 1 -> null
      - cpu_threads_per_core                 = 2 -> null
      - disable_api_termination              = false -> null
      - ebs_optimized                        = false -> null
      - get_password_data                    = false -> null
      - hibernation                          = false -> null
      - id                                   = "i-019ca83583a4bbb17" -> null
      - instance_initiated_shutdown_behavior = "stop" -> null
      - instance_state                       = "running" -> null
      - instance_type                        = "m4.large" -> null
      - ipv6_address_count                   = 0 -> null
      - ipv6_addresses                       = [] -> null
      - monitoring                           = false -> null
      - primary_network_interface_id         = "eni-0cf803e83e5381219" -> null
      - private_dns                          = "ip-172-31-91-40.ec2.internal" -> null
      - private_ip                           = "172.31.91.40" -> null
      - public_dns                           = "ec2-44-203-97-136.compute-1.amazonaws.com" -> null
      - public_ip                            = "44.203.97.136" -> null
      - secondary_private_ips                = [] -> null
      - security_groups                      = [
          - "default",
        ] -> null
      - source_dest_check                    = true -> null
      - subnet_id                            = "subnet-0b7faa4157828194e" -> null
      - tags                                 = {
          - "Name" = "Udacity M4 (2)"
        } -> null
      - tags_all                             = {
          - "Name" = "Udacity M4 (2)"
        } -> null
      - tenancy                              = "default" -> null
      - user_data_replace_on_change          = false -> null
      - vpc_security_group_ids               = [
          - "sg-0187cb3b8a8a12863",
        ] -> null

      - capacity_reservation_specification {
          - capacity_reservation_preference = "open" -> null
        }

      - enclave_options {
          - enabled = false -> null
        }

      - maintenance_options {
          - auto_recovery = "default" -> null
        }

      - metadata_options {
          - http_endpoint               = "enabled" -> null
          - http_put_response_hop_limit = 1 -> null
          - http_tokens                 = "optional" -> null
          - instance_metadata_tags      = "disabled" -> null
        }

      - root_block_device {
          - delete_on_termination = true -> null
          - device_name           = "/dev/xvda" -> null
          - encrypted             = false -> null
          - iops                  = 100 -> null
          - tags                  = {} -> null
          - throughput            = 0 -> null
          - volume_id             = "vol-0e6088f68ac6e3675" -> null
          - volume_size           = 8 -> null
          - volume_type           = "gp2" -> null
        }
    }

Plan: 0 to add, 0 to change, 2 to destroy.
╷
│ Warning: Resource targeting is in effect
│ 
│ You are creating a plan with the -target option, which means that the result of this plan may not represent all of the changes requested by the current configuration.
│ 
│ The -target option is not for routine use, and is provided only for exceptional situations such as recovering from errors or mistakes, or when Terraform specifically suggests to use it as part of an error
│ message.
╵

Do you really want to destroy all resources?
  Terraform will destroy all your managed infrastructure, as shown above.
  There is no undo. Only 'yes' will be accepted to confirm.

  Enter a value: yes

aws_instance.udacity_m4[1]: Destroying... [id=i-019ca83583a4bbb17]
aws_instance.udacity_m4[0]: Destroying... [id=i-042f5e708f2dadfdb]
aws_instance.udacity_m4[1]: Still destroying... [id=i-019ca83583a4bbb17, 10s elapsed]
aws_instance.udacity_m4[0]: Still destroying... [id=i-042f5e708f2dadfdb, 10s elapsed]
aws_instance.udacity_m4[0]: Still destroying... [id=i-042f5e708f2dadfdb, 20s elapsed]
aws_instance.udacity_m4[1]: Still destroying... [id=i-019ca83583a4bbb17, 20s elapsed]
aws_instance.udacity_m4[1]: Still destroying... [id=i-019ca83583a4bbb17, 30s elapsed]
aws_instance.udacity_m4[0]: Still destroying... [id=i-042f5e708f2dadfdb, 30s elapsed]
aws_instance.udacity_m4[1]: Destruction complete after 30s
aws_instance.udacity_m4[0]: Still destroying... [id=i-042f5e708f2dadfdb, 40s elapsed]
aws_instance.udacity_m4[0]: Destruction complete after 41s
╷
│ Warning: Applied changes may be incomplete
│ 
│ The plan was created with the -target option in effect, so some changes requested in the configuration may have been ignored and the output values may not be fully updated. Run the following command to
│ verify that no other changes are pending:
│     terraform plan
│ 
│ Note that the -target option is not suitable for routine use, and is provided only for exceptional situations such as recovering from errors or mistakes, or when Terraform specifically suggests to use it as
│ part of an error message.
╵

Destroy complete! Resources: 2 destroyed.
christopherlomeli@Christophers-MacBook-Pro Exercise_1 % 